<?xml version="1.0" encoding="UTF-8"?>
<testsuite xmlns:xsi="http://www.w3.org/2001/XMLSchema-instance" xsi:noNamespaceSchemaLocation="https://maven.apache.org/surefire/maven-surefire-plugin/xsd/surefire-test-report.xsd" version="3.0.2" name="com.example.cvgenerator.CvGeneratorApplicationTests" time="2.298" tests="1" errors="0" skipped="0" failures="0">
  <properties>
[...]
</properties>
  <testcase name="contextLoads" classname="com.example.cvgenerator.CvGeneratorApplicationTests" time="0.004">
    <system-out><![CDATA[2025-04-28T22:32:27.888+03:00  INFO 5125 --- [cv-generator] [           main] t.c.s.AnnotationConfigContextLoaderUtils : Could not detect default configuration classes for test class [com.example.cvgenerator.CvGeneratorApplicationTests]: CvGeneratorApplicationTests does not declare any static, non-private, non-final, nested classes annotated with @Configuration.
2025-04-28T22:32:27.894+03:00  INFO 5125 --- [cv-generator] [           main] .b.t.c.SpringBootTestContextBootstrapper : Found @SpringBootConfiguration com.example.cvgenerator.CvGeneratorApplication for test class com.example.cvgenerator.CvGeneratorApplicationTests
2025-04-28T22:32:27.898+03:00  INFO 5125 --- [cv-generator] [           main] o.s.b.d.r.RestartApplicationListener     : Restart disabled due to context in which it is running

  .   ____          _            __ _ _
 /\\ / ___'_ __ _ _(_)_ __  __ _ \ \ \ \
( ( )\___ | '_ | '_| | '_ \/ _` | \ \ \ \
 \\/  ___)| |_)| | | | | || (_| |  ) ) ) )
  '  |____| .__|_| |_|_| |_\__, | / / / /
 =========|_|==============|___/=/_/_/_/

 :: Spring Boot ::                (v3.4.4)

2025-04-28T22:32:27.919+03:00  INFO 5125 --- [cv-generator] [           main] c.e.c.CvGeneratorApplicationTests        : Starting CvGeneratorApplicationTests using Java 22.0.2 with PID 5125 (started by artem in /Users/artem/Documents/GitHub/cv-generator)
2025-04-28T22:32:27.920+03:00  INFO 5125 --- [cv-generator] [           main] c.e.c.CvGeneratorApplicationTests        : No active profile set, falling back to 1 default profile: "default"
2025-04-28T22:32:28.162+03:00  INFO 5125 --- [cv-generator] [           main] .s.d.r.c.RepositoryConfigurationDelegate : Bootstrapping Spring Data JPA repositories in DEFAULT mode.
2025-04-28T22:32:28.203+03:00  INFO 5125 --- [cv-generator] [           main] .s.d.r.c.RepositoryConfigurationDelegate : Finished Spring Data repository scanning in 30 ms. Found 3 JPA repository interfaces.
2025-04-28T22:32:28.479+03:00  INFO 5125 --- [cv-generator] [           main] o.hibernate.jpa.internal.util.LogHelper  : HHH000204: Processing PersistenceUnitInfo [name: default]
2025-04-28T22:32:28.516+03:00  INFO 5125 --- [cv-generator] [           main] org.hibernate.Version                    : HHH000412: Hibernate ORM core version 6.6.11.Final
2025-04-28T22:32:28.537+03:00  INFO 5125 --- [cv-generator] [           main] o.h.c.internal.RegionFactoryInitiator    : HHH000026: Second-level cache disabled
2025-04-28T22:32:28.618+03:00  INFO 5125 --- [cv-generator] [           main] o.s.o.j.p.SpringPersistenceUnitInfo      : No LoadTimeWeaver setup: ignoring JPA class transformer
2025-04-28T22:32:28.638+03:00  INFO 5125 --- [cv-generator] [           main] com.zaxxer.hikari.HikariDataSource       : HikariPool-1 - Starting...
2025-04-28T22:32:28.801+03:00  INFO 5125 --- [cv-generator] [           main] com.zaxxer.hikari.pool.HikariPool        : HikariPool-1 - Added connection com.mysql.cj.jdbc.ConnectionImpl@786de0a3
2025-04-28T22:32:28.802+03:00  INFO 5125 --- [cv-generator] [           main] com.zaxxer.hikari.HikariDataSource       : HikariPool-1 - Start completed.
2025-04-28T22:32:28.845+03:00  WARN 5125 --- [cv-generator] [           main] org.hibernate.orm.deprecation            : HHH90000025: MySQLDialect does not need to be specified explicitly using 'hibernate.dialect' (remove the property setting and it will be selected by default)
2025-04-28T22:32:28.857+03:00  INFO 5125 --- [cv-generator] [           main] org.hibernate.orm.connections.pooling    : HHH10001005: Database info:
	Database JDBC URL [Connecting through datasource 'HikariDataSource (HikariPool-1)']
	Database driver: undefined/unknown
	Database version: 9.1
	Autocommit mode: undefined/unknown
	Isolation level: undefined/unknown
	Minimum pool size: undefined/unknown
	Maximum pool size: undefined/unknown
2025-04-28T22:32:29.464+03:00  INFO 5125 --- [cv-generator] [           main] o.h.e.t.j.p.i.JtaPlatformInitiator       : HHH000489: No JTA platform available (set 'hibernate.transaction.jta.platform' to enable JTA platform integration)
2025-04-28T22:32:29.535+03:00  INFO 5125 --- [cv-generator] [           main] j.LocalContainerEntityManagerFactoryBean : Initialized JPA EntityManagerFactory for persistence unit 'default'
DataInitializer: Конструктор викликано, залежності впроваджено
DataInitializer: Метод @PostConstruct викликано
DataInitializer: Ініціалізація даних завершена
2025-04-28T22:32:29.918+03:00  WARN 5125 --- [cv-generator] [           main] JpaBaseConfiguration$JpaWebConfiguration : spring.jpa.open-in-view is enabled by default. Therefore, database queries may be performed during view rendering. Explicitly configure spring.jpa.open-in-view to disable this warning
2025-04-28T22:32:29.927+03:00  INFO 5125 --- [cv-generator] [           main] r$InitializeUserDetailsManagerConfigurer : Global AuthenticationManager configured with UserDetailsService bean with name userService
2025-04-28T22:32:29.938+03:00  INFO 5125 --- [cv-generator] [           main] o.s.b.a.w.s.WelcomePageHandlerMapping    : Adding welcome page template: index
2025-04-28T22:32:30.179+03:00  INFO 5125 --- [cv-generator] [           main] c.e.c.CvGeneratorApplicationTests        : Started CvGeneratorApplicationTests in 2.281 seconds (process running for 5.747)
]]></system-out>
  </testcase>
</testsuite>